2017-09-07 23:08:10 main WARN  TSFileDescriptor:47 - Fail to find config file src/test/resources/tsfile-format.properties
java.io.FileNotFoundException: src/test/resources/tsfile-format.properties (No such file or directory)
	at java.io.FileInputStream.open0(Native Method)
	at java.io.FileInputStream.open(FileInputStream.java:195)
	at java.io.FileInputStream.<init>(FileInputStream.java:138)
	at cn.edu.tsinghua.tsfile.common.conf.TSFileDescriptor.loadProps(TSFileDescriptor.java:45)
	at cn.edu.tsinghua.tsfile.common.conf.TSFileDescriptor.<init>(TSFileDescriptor.java:26)
	at cn.edu.tsinghua.tsfile.common.conf.TSFileDescriptor.<init>(TSFileDescriptor.java:16)
	at cn.edu.tsinghua.tsfile.common.conf.TSFileDescriptor$TsfileDescriptorHolder.<clinit>(TSFileDescriptor.java:20)
	at cn.edu.tsinghua.tsfile.common.conf.TSFileDescriptor.getInstance(TSFileDescriptor.java:30)
	at cn.edu.tsinghua.tsfile.timeseries.write.desc.MeasurementDescriptor.<init>(MeasurementDescriptor.java:44)
	at cn.edu.tsinghua.tsfile.timeseries.write.desc.MeasurementDescriptor.<init>(MeasurementDescriptor.java:48)
	at cn.edu.tsinghua.tsfile.timeseries.write.schema.SchemaBuilder.addSeries(SchemaBuilder.java:36)
	at cn.edu.tsinghua.tsfile.timeseries.write.schema.SchemaBuilder.addSeries(SchemaBuilder.java:72)
	at generate7Years(SkewDataGenerator.java:33)
	at cn.edu.thu.dataset.GenSkewData.main(SkewDataGenerator.java:26)
	at sun.reflect.NativeMethodAccessorImpl.invoke0(Native Method)
	at sun.reflect.NativeMethodAccessorImpl.invoke(NativeMethodAccessorImpl.java:62)
	at sun.reflect.DelegatingMethodAccessorImpl.invoke(DelegatingMethodAccessorImpl.java:43)
	at java.lang.reflect.Method.invoke(Method.java:498)
	at com.intellij.rt.execution.application.AppMain.main(AppMain.java:147)
2017-09-07 23:08:35 main WARN  TSFileDescriptor:47 - Fail to find config file src/test/resources/tsfile-format.properties
java.io.FileNotFoundException: src/test/resources/tsfile-format.properties (No such file or directory)
	at java.io.FileInputStream.open0(Native Method)
	at java.io.FileInputStream.open(FileInputStream.java:195)
	at java.io.FileInputStream.<init>(FileInputStream.java:138)
	at cn.edu.tsinghua.tsfile.common.conf.TSFileDescriptor.loadProps(TSFileDescriptor.java:45)
	at cn.edu.tsinghua.tsfile.common.conf.TSFileDescriptor.<init>(TSFileDescriptor.java:26)
	at cn.edu.tsinghua.tsfile.common.conf.TSFileDescriptor.<init>(TSFileDescriptor.java:16)
	at cn.edu.tsinghua.tsfile.common.conf.TSFileDescriptor$TsfileDescriptorHolder.<clinit>(TSFileDescriptor.java:20)
	at cn.edu.tsinghua.tsfile.common.conf.TSFileDescriptor.getInstance(TSFileDescriptor.java:30)
	at cn.edu.tsinghua.tsfile.timeseries.write.desc.MeasurementDescriptor.<init>(MeasurementDescriptor.java:44)
	at cn.edu.tsinghua.tsfile.timeseries.write.desc.MeasurementDescriptor.<init>(MeasurementDescriptor.java:48)
	at cn.edu.tsinghua.tsfile.timeseries.write.schema.SchemaBuilder.addSeries(SchemaBuilder.java:36)
	at cn.edu.tsinghua.tsfile.timeseries.write.schema.SchemaBuilder.addSeries(SchemaBuilder.java:72)
	at generate7Years(SkewDataGenerator.java:33)
	at cn.edu.thu.dataset.GenSkewData.main(SkewDataGenerator.java:26)
	at sun.reflect.NativeMethodAccessorImpl.invoke0(Native Method)
	at sun.reflect.NativeMethodAccessorImpl.invoke(NativeMethodAccessorImpl.java:62)
	at sun.reflect.DelegatingMethodAccessorImpl.invoke(DelegatingMethodAccessorImpl.java:43)
	at java.lang.reflect.Method.invoke(Method.java:498)
	at com.intellij.rt.execution.application.AppMain.main(AppMain.java:147)
2017-09-07 23:09:42 main WARN  TSFileDescriptor:47 - Fail to find config file src/test/resources/tsfile-format.properties
java.io.FileNotFoundException: src/test/resources/tsfile-format.properties (No such file or directory)
	at java.io.FileInputStream.open0(Native Method)
	at java.io.FileInputStream.open(FileInputStream.java:195)
	at java.io.FileInputStream.<init>(FileInputStream.java:138)
	at cn.edu.tsinghua.tsfile.common.conf.TSFileDescriptor.loadProps(TSFileDescriptor.java:45)
	at cn.edu.tsinghua.tsfile.common.conf.TSFileDescriptor.<init>(TSFileDescriptor.java:26)
	at cn.edu.tsinghua.tsfile.common.conf.TSFileDescriptor.<init>(TSFileDescriptor.java:16)
	at cn.edu.tsinghua.tsfile.common.conf.TSFileDescriptor$TsfileDescriptorHolder.<clinit>(TSFileDescriptor.java:20)
	at cn.edu.tsinghua.tsfile.common.conf.TSFileDescriptor.getInstance(TSFileDescriptor.java:30)
	at cn.edu.tsinghua.tsfile.timeseries.write.desc.MeasurementDescriptor.<init>(MeasurementDescriptor.java:44)
	at cn.edu.tsinghua.tsfile.timeseries.write.desc.MeasurementDescriptor.<init>(MeasurementDescriptor.java:48)
	at cn.edu.tsinghua.tsfile.timeseries.write.schema.SchemaBuilder.addSeries(SchemaBuilder.java:36)
	at cn.edu.tsinghua.tsfile.timeseries.write.schema.SchemaBuilder.addSeries(SchemaBuilder.java:72)
	at generate7Years(SkewDataGenerator.java:33)
	at cn.edu.thu.dataset.GenSkewData.main(SkewDataGenerator.java:26)
	at sun.reflect.NativeMethodAccessorImpl.invoke0(Native Method)
	at sun.reflect.NativeMethodAccessorImpl.invoke(NativeMethodAccessorImpl.java:62)
	at sun.reflect.DelegatingMethodAccessorImpl.invoke(DelegatingMethodAccessorImpl.java:43)
	at java.lang.reflect.Method.invoke(Method.java:498)
	at com.intellij.rt.execution.application.AppMain.main(AppMain.java:147)
2017-09-08 00:01:50 main WARN  TSFileDescriptor:47 - Fail to find config file src/test/resources/tsfile-format.properties
java.io.FileNotFoundException: src/test/resources/tsfile-format.properties (No such file or directory)
	at java.io.FileInputStream.open0(Native Method)
	at java.io.FileInputStream.open(FileInputStream.java:195)
	at java.io.FileInputStream.<init>(FileInputStream.java:138)
	at cn.edu.tsinghua.tsfile.common.conf.TSFileDescriptor.loadProps(TSFileDescriptor.java:45)
	at cn.edu.tsinghua.tsfile.common.conf.TSFileDescriptor.<init>(TSFileDescriptor.java:26)
	at cn.edu.tsinghua.tsfile.common.conf.TSFileDescriptor.<init>(TSFileDescriptor.java:16)
	at cn.edu.tsinghua.tsfile.common.conf.TSFileDescriptor$TsfileDescriptorHolder.<clinit>(TSFileDescriptor.java:20)
	at cn.edu.tsinghua.tsfile.common.conf.TSFileDescriptor.getInstance(TSFileDescriptor.java:30)
	at cn.edu.tsinghua.tsfile.timeseries.write.desc.MeasurementDescriptor.<init>(MeasurementDescriptor.java:44)
	at cn.edu.tsinghua.tsfile.timeseries.write.desc.MeasurementDescriptor.<init>(MeasurementDescriptor.java:48)
	at cn.edu.tsinghua.tsfile.timeseries.write.schema.SchemaBuilder.addSeries(SchemaBuilder.java:36)
	at cn.edu.tsinghua.tsfile.timeseries.write.schema.SchemaBuilder.addSeries(SchemaBuilder.java:72)
	at cn.edu.thu.dataset.GenSkewData.generate1Year(SkewDataGenerator.java:42)
	at cn.edu.thu.dataset.GenSkewData.main(SkewDataGenerator.java:27)
	at sun.reflect.NativeMethodAccessorImpl.invoke0(Native Method)
	at sun.reflect.NativeMethodAccessorImpl.invoke(NativeMethodAccessorImpl.java:62)
	at sun.reflect.DelegatingMethodAccessorImpl.invoke(DelegatingMethodAccessorImpl.java:43)
	at java.lang.reflect.Method.invoke(Method.java:498)
	at com.intellij.rt.execution.application.AppMain.main(AppMain.java:147)
2017-09-08 00:03:40 main WARN  TSFileDescriptor:47 - Fail to find config file src/test/resources/tsfile-format.properties
java.io.FileNotFoundException: src/test/resources/tsfile-format.properties (No such file or directory)
	at java.io.FileInputStream.open0(Native Method)
	at java.io.FileInputStream.open(FileInputStream.java:195)
	at java.io.FileInputStream.<init>(FileInputStream.java:138)
	at cn.edu.tsinghua.tsfile.common.conf.TSFileDescriptor.loadProps(TSFileDescriptor.java:45)
	at cn.edu.tsinghua.tsfile.common.conf.TSFileDescriptor.<init>(TSFileDescriptor.java:26)
	at cn.edu.tsinghua.tsfile.common.conf.TSFileDescriptor.<init>(TSFileDescriptor.java:16)
	at cn.edu.tsinghua.tsfile.common.conf.TSFileDescriptor$TsfileDescriptorHolder.<clinit>(TSFileDescriptor.java:20)
	at cn.edu.tsinghua.tsfile.common.conf.TSFileDescriptor.getInstance(TSFileDescriptor.java:30)
	at cn.edu.tsinghua.tsfile.timeseries.write.desc.MeasurementDescriptor.<init>(MeasurementDescriptor.java:44)
	at cn.edu.tsinghua.tsfile.timeseries.write.desc.MeasurementDescriptor.<init>(MeasurementDescriptor.java:48)
	at cn.edu.tsinghua.tsfile.timeseries.write.schema.SchemaBuilder.addSeries(SchemaBuilder.java:36)
	at cn.edu.tsinghua.tsfile.timeseries.write.schema.SchemaBuilder.addSeries(SchemaBuilder.java:72)
	at cn.edu.thu.dataset.GenSkewData.gen7Years(SkewDataGenerator.java:51)
	at cn.edu.thu.dataset.GenSkewData.main(SkewDataGenerator.java:24)
	at sun.reflect.NativeMethodAccessorImpl.invoke0(Native Method)
	at sun.reflect.NativeMethodAccessorImpl.invoke(NativeMethodAccessorImpl.java:62)
	at sun.reflect.DelegatingMethodAccessorImpl.invoke(DelegatingMethodAccessorImpl.java:43)
	at java.lang.reflect.Method.invoke(Method.java:498)
	at com.intellij.rt.execution.application.AppMain.main(AppMain.java:147)
2017-09-08 00:06:22 main WARN  TSFileDescriptor:47 - Fail to find config file src/test/resources/tsfile-format.properties
java.io.FileNotFoundException: src/test/resources/tsfile-format.properties (No such file or directory)
	at java.io.FileInputStream.open0(Native Method)
	at java.io.FileInputStream.open(FileInputStream.java:195)
	at java.io.FileInputStream.<init>(FileInputStream.java:138)
	at cn.edu.tsinghua.tsfile.common.conf.TSFileDescriptor.loadProps(TSFileDescriptor.java:45)
	at cn.edu.tsinghua.tsfile.common.conf.TSFileDescriptor.<init>(TSFileDescriptor.java:26)
	at cn.edu.tsinghua.tsfile.common.conf.TSFileDescriptor.<init>(TSFileDescriptor.java:16)
	at cn.edu.tsinghua.tsfile.common.conf.TSFileDescriptor$TsfileDescriptorHolder.<clinit>(TSFileDescriptor.java:20)
	at cn.edu.tsinghua.tsfile.common.conf.TSFileDescriptor.getInstance(TSFileDescriptor.java:30)
	at cn.edu.tsinghua.tsfile.timeseries.write.desc.MeasurementDescriptor.<init>(MeasurementDescriptor.java:44)
	at cn.edu.tsinghua.tsfile.timeseries.write.desc.MeasurementDescriptor.<init>(MeasurementDescriptor.java:48)
	at cn.edu.tsinghua.tsfile.timeseries.write.schema.SchemaBuilder.addSeries(SchemaBuilder.java:36)
	at cn.edu.tsinghua.tsfile.timeseries.write.schema.SchemaBuilder.addSeries(SchemaBuilder.java:72)
	at cn.edu.thu.dataset.GenSkewData.gen7Years(SkewDataGenerator.java:51)
	at cn.edu.thu.dataset.GenSkewData.main(SkewDataGenerator.java:24)
	at sun.reflect.NativeMethodAccessorImpl.invoke0(Native Method)
	at sun.reflect.NativeMethodAccessorImpl.invoke(NativeMethodAccessorImpl.java:62)
	at sun.reflect.DelegatingMethodAccessorImpl.invoke(DelegatingMethodAccessorImpl.java:43)
	at java.lang.reflect.Method.invoke(Method.java:498)
	at com.intellij.rt.execution.application.AppMain.main(AppMain.java:147)
2017-09-08 00:07:10 main WARN  TSFileDescriptor:47 - Fail to find config file src/test/resources/tsfile-format.properties
java.io.FileNotFoundException: src/test/resources/tsfile-format.properties (No such file or directory)
	at java.io.FileInputStream.open0(Native Method)
	at java.io.FileInputStream.open(FileInputStream.java:195)
	at java.io.FileInputStream.<init>(FileInputStream.java:138)
	at cn.edu.tsinghua.tsfile.common.conf.TSFileDescriptor.loadProps(TSFileDescriptor.java:45)
	at cn.edu.tsinghua.tsfile.common.conf.TSFileDescriptor.<init>(TSFileDescriptor.java:26)
	at cn.edu.tsinghua.tsfile.common.conf.TSFileDescriptor.<init>(TSFileDescriptor.java:16)
	at cn.edu.tsinghua.tsfile.common.conf.TSFileDescriptor$TsfileDescriptorHolder.<clinit>(TSFileDescriptor.java:20)
	at cn.edu.tsinghua.tsfile.common.conf.TSFileDescriptor.getInstance(TSFileDescriptor.java:30)
	at cn.edu.tsinghua.tsfile.timeseries.write.desc.MeasurementDescriptor.<init>(MeasurementDescriptor.java:44)
	at cn.edu.tsinghua.tsfile.timeseries.write.desc.MeasurementDescriptor.<init>(MeasurementDescriptor.java:48)
	at cn.edu.tsinghua.tsfile.timeseries.write.schema.SchemaBuilder.addSeries(SchemaBuilder.java:36)
	at cn.edu.tsinghua.tsfile.timeseries.write.schema.SchemaBuilder.addSeries(SchemaBuilder.java:72)
	at cn.edu.thu.dataset.GenSkewData.gen1Year(SkewDataGenerator.java:39)
	at cn.edu.thu.dataset.GenSkewData.main(SkewDataGenerator.java:26)
	at sun.reflect.NativeMethodAccessorImpl.invoke0(Native Method)
	at sun.reflect.NativeMethodAccessorImpl.invoke(NativeMethodAccessorImpl.java:62)
	at sun.reflect.DelegatingMethodAccessorImpl.invoke(DelegatingMethodAccessorImpl.java:43)
	at java.lang.reflect.Method.invoke(Method.java:498)
	at com.intellij.rt.execution.application.AppMain.main(AppMain.java:147)
